0 info it worked if it ends with ok
1 verbose cli [ 'C:\\Program Files\\nodejs\\node.exe',
1 verbose cli   'C:\\Program Files\\nodejs\\node_modules\\npm\\bin\\npm-cli.js',
1 verbose cli   'install',
1 verbose cli   'lite-server',
1 verbose cli   '-g' ]
2 info using npm@3.10.10
3 info using node@v6.11.2
4 silly loadCurrentTree Starting
5 silly install loadCurrentTree
6 silly install readGlobalPackageData
7 silly fetchPackageMetaData lite-server
8 silly fetchNamedPackageData lite-server
9 silly mapToRegistry name lite-server
10 silly mapToRegistry using default registry
11 silly mapToRegistry registry https://registry.npmjs.org/
12 silly mapToRegistry data Result {
12 silly mapToRegistry   raw: 'lite-server',
12 silly mapToRegistry   scope: null,
12 silly mapToRegistry   escapedName: 'lite-server',
12 silly mapToRegistry   name: 'lite-server',
12 silly mapToRegistry   rawSpec: '',
12 silly mapToRegistry   spec: 'latest',
12 silly mapToRegistry   type: 'tag' }
13 silly mapToRegistry uri https://registry.npmjs.org/lite-server
14 verbose request uri https://registry.npmjs.org/lite-server
15 verbose request no auth needed
16 info attempt registry request try #1 at 1:23:39 AM
17 verbose request id e8999e276e75c3ad
18 http request GET https://registry.npmjs.org/lite-server
19 http 200 https://registry.npmjs.org/lite-server
20 verbose headers { server: 'nginx/1.10.1',
20 verbose headers   'content-type': 'application/json',
20 verbose headers   'last-modified': 'Tue, 07 Nov 2017 00:15:41 GMT',
20 verbose headers   etag: 'W/"5a00fb2d-7550"',
20 verbose headers   'content-encoding': 'gzip',
20 verbose headers   'cache-control': 'max-age=300',
20 verbose headers   'content-length': '5716',
20 verbose headers   'accept-ranges': 'bytes',
20 verbose headers   date: 'Fri, 10 Nov 2017 09:23:45 GMT',
20 verbose headers   via: '1.1 varnish',
20 verbose headers   age: '0',
20 verbose headers   connection: 'keep-alive',
20 verbose headers   'x-served-by': 'cache-bur17527-BUR',
20 verbose headers   'x-cache': 'HIT',
20 verbose headers   'x-cache-hits': '1',
20 verbose headers   'x-timer': 'S1510305825.222318,VS0,VE159',
20 verbose headers   vary: 'Accept-Encoding, Accept' }
21 silly get cb [ 200,
21 silly get   { server: 'nginx/1.10.1',
21 silly get     'content-type': 'application/json',
21 silly get     'last-modified': 'Tue, 07 Nov 2017 00:15:41 GMT',
21 silly get     etag: 'W/"5a00fb2d-7550"',
21 silly get     'content-encoding': 'gzip',
21 silly get     'cache-control': 'max-age=300',
21 silly get     'content-length': '5716',
21 silly get     'accept-ranges': 'bytes',
21 silly get     date: 'Fri, 10 Nov 2017 09:23:45 GMT',
21 silly get     via: '1.1 varnish',
21 silly get     age: '0',
21 silly get     connection: 'keep-alive',
21 silly get     'x-served-by': 'cache-bur17527-BUR',
21 silly get     'x-cache': 'HIT',
21 silly get     'x-cache-hits': '1',
21 silly get     'x-timer': 'S1510305825.222318,VS0,VE159',
21 silly get     vary: 'Accept-Encoding, Accept' } ]
22 verbose get saving lite-server to C:\Users\LordKriegan\AppData\Roaming\npm-cache\registry.npmjs.org\lite-server\.cache.json
23 verbose correctMkdir C:\Users\LordKriegan\AppData\Roaming\npm-cache correctMkdir not in flight; initializing
24 verbose makeDirectory C:\Users\LordKriegan\AppData\Roaming\npm-cache creation not in flight; initializing
25 verbose makeCacheDir UID & GID are irrelevant on win32
26 silly install normalizeTree
27 silly loadCurrentTree Finishing
28 silly loadIdealTree Starting
29 silly install loadIdealTree
30 silly cloneCurrentTree Starting
31 silly install cloneCurrentTreeToIdealTree
32 silly cloneCurrentTree Finishing
33 silly loadShrinkwrap Starting
34 silly install loadShrinkwrap
35 silly loadShrinkwrap Finishing
36 silly loadAllDepsIntoIdealTree Starting
37 silly install loadAllDepsIntoIdealTree
38 silly resolveWithNewModule lite-server@2.3.0 checking installable status
39 silly cache add args [ 'lite-server', null ]
40 verbose cache add spec lite-server
41 silly cache add parsed spec Result {
41 silly cache add   raw: 'lite-server',
41 silly cache add   scope: null,
41 silly cache add   escapedName: 'lite-server',
41 silly cache add   name: 'lite-server',
41 silly cache add   rawSpec: '',
41 silly cache add   spec: 'latest',
41 silly cache add   type: 'tag' }
42 silly addNamed lite-server@latest
43 verbose addNamed "latest" is being treated as a dist-tag for lite-server
44 info addNameTag [ 'lite-server', 'latest' ]
45 silly mapToRegistry name lite-server
46 silly mapToRegistry using default registry
47 silly mapToRegistry registry https://registry.npmjs.org/
48 silly mapToRegistry data Result {
48 silly mapToRegistry   raw: 'lite-server',
48 silly mapToRegistry   scope: null,
48 silly mapToRegistry   escapedName: 'lite-server',
48 silly mapToRegistry   name: 'lite-server',
48 silly mapToRegistry   rawSpec: '',
48 silly mapToRegistry   spec: 'latest',
48 silly mapToRegistry   type: 'tag' }
49 silly mapToRegistry uri https://registry.npmjs.org/lite-server
50 verbose addNameTag registry:https://registry.npmjs.org/lite-server not in flight; fetching
51 verbose get https://registry.npmjs.org/lite-server not expired, no request
52 silly addNameTag next cb for lite-server with tag latest
53 silly addNamed lite-server@2.3.0
54 verbose addNamed "2.3.0" is a plain semver version for lite-server
55 silly mapToRegistry name lite-server
56 silly mapToRegistry using default registry
57 silly mapToRegistry registry https://registry.npmjs.org/
58 silly mapToRegistry data Result {
58 silly mapToRegistry   raw: 'lite-server',
58 silly mapToRegistry   scope: null,
58 silly mapToRegistry   escapedName: 'lite-server',
58 silly mapToRegistry   name: 'lite-server',
58 silly mapToRegistry   rawSpec: '',
58 silly mapToRegistry   spec: 'latest',
58 silly mapToRegistry   type: 'tag' }
59 silly mapToRegistry uri https://registry.npmjs.org/lite-server
60 verbose addRemoteTarball https://registry.npmjs.org/lite-server/-/lite-server-2.3.0.tgz not in flight; adding
61 verbose addRemoteTarball [ 'https://registry.npmjs.org/lite-server/-/lite-server-2.3.0.tgz',
61 verbose addRemoteTarball   '5b4cc8f5d5fd4836105480ab2ac48a3a0de2b0c8' ]
62 info retry fetch attempt 1 at 1:23:43 AM
63 info attempt registry request try #1 at 1:23:43 AM
64 http fetch GET https://registry.npmjs.org/lite-server/-/lite-server-2.3.0.tgz
65 http fetch 200 https://registry.npmjs.org/lite-server/-/lite-server-2.3.0.tgz
66 warn retry will retry, error on last attempt: Error: EBUSY: resource busy or locked, rename 'C:\Users\LORDKR~1\AppData\Local\Temp\npm-19312-38a09e9f\registry.npmjs.org\lite-server\-\lite-server-2.3.0.tgz.2453125108' -> 'C:\Users\LORDKR~1\AppData\Local\Temp\npm-19312-38a09e9f\registry.npmjs.org\lite-server\-\lite-server-2.3.0.tgz'
67 verbose stack TypeError: tarball.destroy is not a function
67 verbose stack     at WriteStreamAtomic.<anonymous> (C:\Program Files\nodejs\node_modules\npm\lib\cache\add-remote-tarball.js:97:15)
67 verbose stack     at emitOne (events.js:101:20)
67 verbose stack     at WriteStreamAtomic.emit (events.js:188:7)
67 verbose stack     at WriteStreamAtomic.emit (C:\Program Files\nodejs\node_modules\npm\node_modules\fs-write-stream-atomic\index.js:60:34)
67 verbose stack     at C:\Program Files\nodejs\node_modules\npm\node_modules\fs-write-stream-atomic\index.js:89:19
67 verbose stack     at FSReqWrap.oncomplete (fs.js:123:15)
68 verbose cwd C:\Users\LordKriegan\Documents\coding_bootcamp\MusicPlanit
69 error Windows_NT 10.0.15063
70 error argv "C:\\Program Files\\nodejs\\node.exe" "C:\\Program Files\\nodejs\\node_modules\\npm\\bin\\npm-cli.js" "install" "lite-server" "-g"
71 error node v6.11.2
72 error npm  v3.10.10
73 error tarball.destroy is not a function
74 error If you need help, you may report this error at:
74 error     <https://github.com/npm/npm/issues>
75 verbose exit [ 1, true ]
